{"C:\\Users\\Miguel\\Desktop\\BOOTCAMP\\GitHub\\LiceoCoders2022\\Fizzbuzz\\fizzbuzz.js": {"path":"C:\\Users\\Miguel\\Desktop\\BOOTCAMP\\GitHub\\LiceoCoders2022\\Fizzbuzz\\fizzbuzz.js","all":false,"statementMap":{"0":{"start":{"line":1,"column":0},"end":{"line":1,"column":0}},"1":{"start":{"line":2,"column":0},"end":{"line":2,"column":21}},"2":{"start":{"line":3,"column":0},"end":{"line":3,"column":41}},"3":{"start":{"line":4,"column":0},"end":{"line":4,"column":18}},"4":{"start":{"line":5,"column":0},"end":{"line":5,"column":40}},"5":{"start":{"line":6,"column":0},"end":{"line":6,"column":5}},"6":{"start":{"line":7,"column":0},"end":{"line":7,"column":44}},"7":{"start":{"line":8,"column":0},"end":{"line":8,"column":44}},"8":{"start":{"line":9,"column":0},"end":{"line":9,"column":16}},"9":{"start":{"line":10,"column":0},"end":{"line":10,"column":17}},"10":{"start":{"line":11,"column":0},"end":{"line":11,"column":5}},"11":{"start":{"line":12,"column":0},"end":{"line":12,"column":59}},"12":{"start":{"line":13,"column":0},"end":{"line":13,"column":26}},"13":{"start":{"line":14,"column":0},"end":{"line":14,"column":5}},"14":{"start":{"line":15,"column":0},"end":{"line":15,"column":0}},"15":{"start":{"line":16,"column":0},"end":{"line":16,"column":31}},"16":{"start":{"line":17,"column":0},"end":{"line":17,"column":22}},"17":{"start":{"line":18,"column":0},"end":{"line":18,"column":6}},"18":{"start":{"line":19,"column":0},"end":{"line":19,"column":4}},"19":{"start":{"line":20,"column":0},"end":{"line":20,"column":31}},"20":{"start":{"line":21,"column":0},"end":{"line":21,"column":22}},"21":{"start":{"line":22,"column":0},"end":{"line":22,"column":5}},"22":{"start":{"line":23,"column":0},"end":{"line":23,"column":4}},"23":{"start":{"line":24,"column":0},"end":{"line":24,"column":13}},"24":{"start":{"line":25,"column":0},"end":{"line":25,"column":4}},"25":{"start":{"line":26,"column":0},"end":{"line":26,"column":1}},"26":{"start":{"line":27,"column":0},"end":{"line":27,"column":0}},"27":{"start":{"line":28,"column":0},"end":{"line":28,"column":28}},"28":{"start":{"line":29,"column":0},"end":{"line":29,"column":26}},"29":{"start":{"line":30,"column":0},"end":{"line":30,"column":27}},"30":{"start":{"line":31,"column":0},"end":{"line":31,"column":26}},"31":{"start":{"line":32,"column":0},"end":{"line":32,"column":29}},"32":{"start":{"line":33,"column":0},"end":{"line":33,"column":0}},"33":{"start":{"line":34,"column":0},"end":{"line":34,"column":26}}},"s":{"0":1,"1":15,"2":15,"3":15,"4":1,"5":1,"6":14,"7":14,"8":15,"9":1,"10":1,"11":15,"12":4,"13":4,"14":9,"15":15,"16":6,"17":6,"18":3,"19":15,"20":2,"21":2,"22":1,"23":1,"24":1,"25":1,"26":1,"27":1,"28":1,"29":1,"30":1,"31":1,"32":1,"33":1},"branchMap":{"0":{"type":"branch","line":2,"loc":{"start":{"line":2,"column":0},"end":{"line":26,"column":1}},"locations":[{"start":{"line":2,"column":0},"end":{"line":26,"column":1}}]},"1":{"type":"branch","line":4,"loc":{"start":{"line":4,"column":17},"end":{"line":6,"column":5}},"locations":[{"start":{"line":4,"column":17},"end":{"line":6,"column":5}}]},"2":{"type":"branch","line":7,"loc":{"start":{"line":7,"column":-2},"end":{"line":9,"column":8}},"locations":[{"start":{"line":7,"column":-2},"end":{"line":9,"column":8}}]},"3":{"type":"branch","line":9,"loc":{"start":{"line":9,"column":15},"end":{"line":11,"column":5}},"locations":[{"start":{"line":9,"column":15},"end":{"line":11,"column":5}}]},"4":{"type":"branch","line":12,"loc":{"start":{"line":12,"column":-2},"end":{"line":12,"column":9}},"locations":[{"start":{"line":12,"column":-2},"end":{"line":12,"column":9}}]},"5":{"type":"branch","line":12,"loc":{"start":{"line":12,"column":8},"end":{"line":12,"column":34}},"locations":[{"start":{"line":12,"column":8},"end":{"line":12,"column":34}}]},"6":{"type":"branch","line":12,"loc":{"start":{"line":12,"column":7},"end":{"line":12,"column":58}},"locations":[{"start":{"line":12,"column":7},"end":{"line":12,"column":58}}]},"7":{"type":"branch","line":12,"loc":{"start":{"line":12,"column":43},"end":{"line":12,"column":58}},"locations":[{"start":{"line":12,"column":43},"end":{"line":12,"column":58}}]},"8":{"type":"branch","line":12,"loc":{"start":{"line":12,"column":58},"end":{"line":14,"column":5}},"locations":[{"start":{"line":12,"column":58},"end":{"line":14,"column":5}}]},"9":{"type":"branch","line":15,"loc":{"start":{"line":15,"column":-2},"end":{"line":16,"column":9}},"locations":[{"start":{"line":15,"column":-2},"end":{"line":16,"column":9}}]},"10":{"type":"branch","line":16,"loc":{"start":{"line":16,"column":8},"end":{"line":16,"column":30}},"locations":[{"start":{"line":16,"column":8},"end":{"line":16,"column":30}}]},"11":{"type":"branch","line":16,"loc":{"start":{"line":16,"column":30},"end":{"line":18,"column":6}},"locations":[{"start":{"line":16,"column":30},"end":{"line":18,"column":6}}]},"12":{"type":"branch","line":18,"loc":{"start":{"line":18,"column":5},"end":{"line":20,"column":9}},"locations":[{"start":{"line":18,"column":5},"end":{"line":20,"column":9}}]},"13":{"type":"branch","line":20,"loc":{"start":{"line":20,"column":8},"end":{"line":20,"column":30}},"locations":[{"start":{"line":20,"column":8},"end":{"line":20,"column":30}}]},"14":{"type":"branch","line":20,"loc":{"start":{"line":20,"column":30},"end":{"line":22,"column":5}},"locations":[{"start":{"line":20,"column":30},"end":{"line":22,"column":5}}]},"15":{"type":"branch","line":23,"loc":{"start":{"line":23,"column":-2},"end":{"line":26,"column":1}},"locations":[{"start":{"line":23,"column":-2},"end":{"line":26,"column":1}}]}},"b":{"0":[15],"1":[1],"2":[14],"3":[1],"4":[13],"5":[6],"6":[11],"7":[6],"8":[4],"9":[9],"10":[5],"11":[6],"12":[3],"13":[1],"14":[2],"15":[1]},"fnMap":{"0":{"name":"fizzbuzz","decl":{"start":{"line":2,"column":0},"end":{"line":26,"column":1}},"loc":{"start":{"line":2,"column":0},"end":{"line":26,"column":1}},"line":2}},"f":{"0":15}}
}
