{"C:\\Users\\Miguel\\Desktop\\BOOTCAMP\\GitHub\\Fizzbuzz\\fizzbuzz.js": {"path":"C:\\Users\\Miguel\\Desktop\\BOOTCAMP\\GitHub\\Fizzbuzz\\fizzbuzz.js","all":false,"statementMap":{"0":{"start":{"line":1,"column":0},"end":{"line":1,"column":0}},"1":{"start":{"line":2,"column":0},"end":{"line":2,"column":21}},"2":{"start":{"line":3,"column":0},"end":{"line":3,"column":21}},"3":{"start":{"line":4,"column":0},"end":{"line":4,"column":41}},"4":{"start":{"line":5,"column":0},"end":{"line":5,"column":18}},"5":{"start":{"line":6,"column":0},"end":{"line":6,"column":40}},"6":{"start":{"line":7,"column":0},"end":{"line":7,"column":5}},"7":{"start":{"line":8,"column":0},"end":{"line":8,"column":44}},"8":{"start":{"line":9,"column":0},"end":{"line":9,"column":44}},"9":{"start":{"line":10,"column":0},"end":{"line":10,"column":16}},"10":{"start":{"line":11,"column":0},"end":{"line":11,"column":17}},"11":{"start":{"line":12,"column":0},"end":{"line":12,"column":5}},"12":{"start":{"line":13,"column":0},"end":{"line":13,"column":59}},"13":{"start":{"line":14,"column":0},"end":{"line":14,"column":26}},"14":{"start":{"line":15,"column":0},"end":{"line":15,"column":5}},"15":{"start":{"line":16,"column":0},"end":{"line":16,"column":0}},"16":{"start":{"line":17,"column":0},"end":{"line":17,"column":31}},"17":{"start":{"line":18,"column":0},"end":{"line":18,"column":22}},"18":{"start":{"line":19,"column":0},"end":{"line":19,"column":6}},"19":{"start":{"line":20,"column":0},"end":{"line":20,"column":4}},"20":{"start":{"line":21,"column":0},"end":{"line":21,"column":31}},"21":{"start":{"line":22,"column":0},"end":{"line":22,"column":22}},"22":{"start":{"line":23,"column":0},"end":{"line":23,"column":5}},"23":{"start":{"line":24,"column":0},"end":{"line":24,"column":4}},"24":{"start":{"line":25,"column":0},"end":{"line":25,"column":13}},"25":{"start":{"line":26,"column":0},"end":{"line":26,"column":4}},"26":{"start":{"line":27,"column":0},"end":{"line":27,"column":1}},"27":{"start":{"line":28,"column":0},"end":{"line":28,"column":0}},"28":{"start":{"line":29,"column":0},"end":{"line":29,"column":28}},"29":{"start":{"line":30,"column":0},"end":{"line":30,"column":26}},"30":{"start":{"line":31,"column":0},"end":{"line":31,"column":27}},"31":{"start":{"line":32,"column":0},"end":{"line":32,"column":26}},"32":{"start":{"line":33,"column":0},"end":{"line":33,"column":29}},"33":{"start":{"line":34,"column":0},"end":{"line":34,"column":0}},"34":{"start":{"line":35,"column":0},"end":{"line":35,"column":26}}},"s":{"0":1,"1":15,"2":15,"3":15,"4":15,"5":1,"6":1,"7":14,"8":14,"9":15,"10":1,"11":1,"12":15,"13":4,"14":4,"15":9,"16":15,"17":6,"18":6,"19":3,"20":15,"21":2,"22":2,"23":1,"24":1,"25":1,"26":1,"27":1,"28":1,"29":1,"30":1,"31":1,"32":1,"33":1,"34":1},"branchMap":{"0":{"type":"branch","line":2,"loc":{"start":{"line":2,"column":0},"end":{"line":27,"column":1}},"locations":[{"start":{"line":2,"column":0},"end":{"line":27,"column":1}}]},"1":{"type":"branch","line":5,"loc":{"start":{"line":5,"column":17},"end":{"line":7,"column":5}},"locations":[{"start":{"line":5,"column":17},"end":{"line":7,"column":5}}]},"2":{"type":"branch","line":8,"loc":{"start":{"line":8,"column":-2},"end":{"line":10,"column":8}},"locations":[{"start":{"line":8,"column":-2},"end":{"line":10,"column":8}}]},"3":{"type":"branch","line":10,"loc":{"start":{"line":10,"column":15},"end":{"line":12,"column":5}},"locations":[{"start":{"line":10,"column":15},"end":{"line":12,"column":5}}]},"4":{"type":"branch","line":13,"loc":{"start":{"line":13,"column":-2},"end":{"line":13,"column":9}},"locations":[{"start":{"line":13,"column":-2},"end":{"line":13,"column":9}}]},"5":{"type":"branch","line":13,"loc":{"start":{"line":13,"column":8},"end":{"line":13,"column":34}},"locations":[{"start":{"line":13,"column":8},"end":{"line":13,"column":34}}]},"6":{"type":"branch","line":13,"loc":{"start":{"line":13,"column":7},"end":{"line":13,"column":58}},"locations":[{"start":{"line":13,"column":7},"end":{"line":13,"column":58}}]},"7":{"type":"branch","line":13,"loc":{"start":{"line":13,"column":43},"end":{"line":13,"column":58}},"locations":[{"start":{"line":13,"column":43},"end":{"line":13,"column":58}}]},"8":{"type":"branch","line":13,"loc":{"start":{"line":13,"column":58},"end":{"line":15,"column":5}},"locations":[{"start":{"line":13,"column":58},"end":{"line":15,"column":5}}]},"9":{"type":"branch","line":16,"loc":{"start":{"line":16,"column":-2},"end":{"line":17,"column":9}},"locations":[{"start":{"line":16,"column":-2},"end":{"line":17,"column":9}}]},"10":{"type":"branch","line":17,"loc":{"start":{"line":17,"column":8},"end":{"line":17,"column":30}},"locations":[{"start":{"line":17,"column":8},"end":{"line":17,"column":30}}]},"11":{"type":"branch","line":17,"loc":{"start":{"line":17,"column":30},"end":{"line":19,"column":6}},"locations":[{"start":{"line":17,"column":30},"end":{"line":19,"column":6}}]},"12":{"type":"branch","line":19,"loc":{"start":{"line":19,"column":5},"end":{"line":21,"column":9}},"locations":[{"start":{"line":19,"column":5},"end":{"line":21,"column":9}}]},"13":{"type":"branch","line":21,"loc":{"start":{"line":21,"column":8},"end":{"line":21,"column":30}},"locations":[{"start":{"line":21,"column":8},"end":{"line":21,"column":30}}]},"14":{"type":"branch","line":21,"loc":{"start":{"line":21,"column":30},"end":{"line":23,"column":5}},"locations":[{"start":{"line":21,"column":30},"end":{"line":23,"column":5}}]},"15":{"type":"branch","line":24,"loc":{"start":{"line":24,"column":-2},"end":{"line":27,"column":1}},"locations":[{"start":{"line":24,"column":-2},"end":{"line":27,"column":1}}]}},"b":{"0":[15],"1":[1],"2":[14],"3":[1],"4":[13],"5":[6],"6":[11],"7":[6],"8":[4],"9":[9],"10":[5],"11":[6],"12":[3],"13":[1],"14":[2],"15":[1]},"fnMap":{"0":{"name":"fizzbuzz","decl":{"start":{"line":2,"column":0},"end":{"line":27,"column":1}},"loc":{"start":{"line":2,"column":0},"end":{"line":27,"column":1}},"line":2}},"f":{"0":15}}
}
