TN:
SF:fizzbuzz.js
FN:2,fizzbuzz
FNF:1
FNH:1
FNDA:15,fizzbuzz
DA:1,1
DA:2,15
DA:3,15
DA:4,15
DA:5,15
DA:6,1
DA:7,1
DA:8,14
DA:9,14
DA:10,15
DA:11,1
DA:12,1
DA:13,15
DA:14,4
DA:15,4
DA:16,9
DA:17,15
DA:18,6
DA:19,6
DA:20,3
DA:21,15
DA:22,2
DA:23,2
DA:24,1
DA:25,1
DA:26,1
DA:27,1
DA:28,1
DA:29,1
DA:30,1
DA:31,1
DA:32,1
DA:33,1
DA:34,1
DA:35,1
LF:35
LH:35
BRDA:2,0,0,15
BRDA:5,1,0,1
BRDA:8,2,0,14
BRDA:10,3,0,1
BRDA:13,4,0,13
BRDA:13,5,0,6
BRDA:13,6,0,11
BRDA:13,7,0,6
BRDA:13,8,0,4
BRDA:16,9,0,9
BRDA:17,10,0,5
BRDA:17,11,0,6
BRDA:19,12,0,3
BRDA:21,13,0,1
BRDA:21,14,0,2
BRDA:24,15,0,1
BRF:16
BRH:16
end_of_record
