TN:
SF:fizzbuzz.js
FN:2,fizzbuzz
FNF:1
FNH:1
FNDA:15,fizzbuzz
DA:1,1
DA:2,15
DA:3,15
DA:4,15
DA:5,1
DA:6,1
DA:7,14
DA:8,14
DA:9,15
DA:10,1
DA:11,1
DA:12,15
DA:13,4
DA:14,4
DA:15,9
DA:16,15
DA:17,6
DA:18,6
DA:19,3
DA:20,15
DA:21,2
DA:22,2
DA:23,1
DA:24,1
DA:25,1
DA:26,1
DA:27,1
DA:28,1
DA:29,1
DA:30,1
DA:31,1
DA:32,1
DA:33,1
DA:34,1
LF:34
LH:34
BRDA:2,0,0,15
BRDA:4,1,0,1
BRDA:7,2,0,14
BRDA:9,3,0,1
BRDA:12,4,0,13
BRDA:12,5,0,6
BRDA:12,6,0,11
BRDA:12,7,0,6
BRDA:12,8,0,4
BRDA:15,9,0,9
BRDA:16,10,0,5
BRDA:16,11,0,6
BRDA:18,12,0,3
BRDA:20,13,0,1
BRDA:20,14,0,2
BRDA:23,15,0,1
BRF:16
BRH:16
end_of_record
