TN:
SF:nivel1.js
FN:1,printName
FN:6,indiceMasaCorporal
FNF:2
FNH:2
FNDA:1,printName
FNDA:1,indiceMasaCorporal
DA:1,1
DA:2,1
DA:3,1
DA:4,1
DA:5,1
DA:6,1
DA:7,1
DA:8,1
DA:9,1
DA:10,1
DA:11,1
LF:11
LH:11
BRDA:1,0,0,1
BRDA:6,1,0,1
BRF:2
BRH:2
end_of_record
TN:
SF:nivel2.js
FN:2,reverseArray
FN:12,capitalizeArray
FN:16,sumOfNumbers
FNF:3
FNH:3
FNDA:1,reverseArray
FNDA:1,capitalizeArray
FNDA:1,sumOfNumbers
DA:1,1
DA:2,1
DA:3,1
DA:4,1
DA:5,1
DA:6,3
DA:7,3
DA:8,1
DA:9,1
DA:10,1
DA:11,1
DA:12,1
DA:13,1
DA:14,1
DA:15,1
DA:16,1
DA:17,1
DA:18,1
DA:19,1
DA:20,3
DA:21,3
DA:22,1
DA:23,1
DA:24,1
DA:25,1
LF:25
LH:25
BRDA:2,0,0,1
BRDA:5,1,0,3
BRDA:12,2,0,1
BRDA:13,3,0,3
BRDA:16,4,0,1
BRDA:19,5,0,3
BRF:6
BRH:6
end_of_record
TN:
SF:nivel3.js
FN:1,factorial
FNF:1
FNH:1
FNDA:1,factorial
DA:1,1
DA:2,1
DA:3,1
DA:4,3
DA:5,3
DA:6,1
DA:7,1
DA:8,1
DA:9,1
LF:9
LH:9
BRDA:1,0,0,1
BRDA:3,1,0,3
BRF:2
BRH:2
end_of_record
